0 info it worked if it ends with ok
1 verbose cli [ 'D:\\Program Files\\nodejs\\node.exe',
1 verbose cli   'D:\\Program Files\\nodejs\\node_modules\\npm\\bin\\npm-cli.js',
1 verbose cli   'install',
1 verbose cli   'grunt-open',
1 verbose cli   '--save-dev' ]
2 info using npm@2.15.8
3 info using node@v4.4.7
4 verbose install initial load of E:\github\web-application\gruntDemo\package.json
5 warn package.json leaflet@0.1.0 No description
6 warn package.json leaflet@0.1.0 No repository field.
7 warn package.json leaflet@0.1.0 No README data
8 warn package.json leaflet@0.1.0 No license field.
9 verbose installManyTop reading scoped package data from E:\github\web-application\gruntDemo\node_modules\grunt\package.json
10 verbose installManyTop reading scoped package data from E:\github\web-application\gruntDemo\node_modules\grunt-contrib-clean\package.json
11 verbose installManyTop reading scoped package data from E:\github\web-application\gruntDemo\node_modules\grunt-contrib-concat\package.json
12 verbose installManyTop reading scoped package data from E:\github\web-application\gruntDemo\node_modules\grunt-contrib-connect\package.json
13 verbose installManyTop reading scoped package data from E:\github\web-application\gruntDemo\node_modules\grunt-contrib-copy\package.json
14 verbose installManyTop reading scoped package data from E:\github\web-application\gruntDemo\node_modules\grunt-contrib-cssmin\package.json
15 verbose installManyTop reading scoped package data from E:\github\web-application\gruntDemo\node_modules\grunt-contrib-jshint\package.json
16 verbose installManyTop reading scoped package data from E:\github\web-application\gruntDemo\node_modules\grunt-contrib-nodeunit\package.json
17 verbose installManyTop reading scoped package data from E:\github\web-application\gruntDemo\node_modules\grunt-contrib-uglify\package.json
18 verbose installManyTop reading scoped package data from E:\github\web-application\gruntDemo\node_modules\grunt-contrib-watch\package.json
19 info package.json grunt-contrib-jshint@0.10.0 No license field.
20 info package.json grunt-contrib-uglify@0.5.1 No license field.
21 info package.json grunt-contrib-nodeunit@0.4.1 No license field.
22 verbose readDependencies loading dependencies from E:\github\web-application\gruntDemo\package.json
23 silly cache add args [ 'grunt-open', null ]
24 verbose cache add spec grunt-open
25 silly cache add parsed spec Result {
25 silly cache add   raw: 'grunt-open',
25 silly cache add   scope: null,
25 silly cache add   name: 'grunt-open',
25 silly cache add   rawSpec: '',
25 silly cache add   spec: 'latest',
25 silly cache add   type: 'tag' }
26 silly addNamed grunt-open@latest
27 verbose addNamed "latest" is being treated as a dist-tag for grunt-open
28 info addNameTag [ 'grunt-open', 'latest' ]
29 silly mapToRegistry name grunt-open
30 silly mapToRegistry using default registry
31 silly mapToRegistry registry https://registry.npmjs.org/
32 silly mapToRegistry data Result {
32 silly mapToRegistry   raw: 'grunt-open',
32 silly mapToRegistry   scope: null,
32 silly mapToRegistry   name: 'grunt-open',
32 silly mapToRegistry   rawSpec: '',
32 silly mapToRegistry   spec: 'latest',
32 silly mapToRegistry   type: 'tag' }
33 silly mapToRegistry uri https://registry.npmjs.org/grunt-open
34 verbose addNameTag registry:https://registry.npmjs.org/grunt-open not in flight; fetching
35 verbose request uri https://registry.npmjs.org/grunt-open
36 verbose request no auth needed
37 info attempt registry request try #1 at 16:01:56
38 verbose request id db7c9feb3c97e693
39 http request GET https://registry.npmjs.org/grunt-open
40 http 200 https://registry.npmjs.org/grunt-open
41 verbose headers { server: 'nginx/1.10.1',
41 verbose headers   'content-type': 'application/json',
41 verbose headers   'last-modified': 'Fri, 17 Jan 2014 17:37:33 GMT',
41 verbose headers   etag: 'W/"52d96a5d-2542"',
41 verbose headers   'content-encoding': 'gzip',
41 verbose headers   'cache-control': 'max-age=300',
41 verbose headers   'content-length': '2455',
41 verbose headers   'accept-ranges': 'bytes',
41 verbose headers   date: 'Wed, 07 Dec 2016 07:59:56 GMT',
41 verbose headers   via: '1.1 varnish',
41 verbose headers   age: '137',
41 verbose headers   connection: 'keep-alive',
41 verbose headers   'x-served-by': 'cache-lcy1128-LCY',
41 verbose headers   'x-cache': 'HIT',
41 verbose headers   'x-cache-hits': '1',
41 verbose headers   'x-timer': 'S1481097596.063786,VS0,VE0',
41 verbose headers   vary: 'Accept-Encoding' }
42 silly get cb [ 200,
42 silly get   { server: 'nginx/1.10.1',
42 silly get     'content-type': 'application/json',
42 silly get     'last-modified': 'Fri, 17 Jan 2014 17:37:33 GMT',
42 silly get     etag: 'W/"52d96a5d-2542"',
42 silly get     'content-encoding': 'gzip',
42 silly get     'cache-control': 'max-age=300',
42 silly get     'content-length': '2455',
42 silly get     'accept-ranges': 'bytes',
42 silly get     date: 'Wed, 07 Dec 2016 07:59:56 GMT',
42 silly get     via: '1.1 varnish',
42 silly get     age: '137',
42 silly get     connection: 'keep-alive',
42 silly get     'x-served-by': 'cache-lcy1128-LCY',
42 silly get     'x-cache': 'HIT',
42 silly get     'x-cache-hits': '1',
42 silly get     'x-timer': 'S1481097596.063786,VS0,VE0',
42 silly get     vary: 'Accept-Encoding' } ]
43 verbose get saving grunt-open to C:\Users\greed\AppData\Roaming\npm-cache\registry.npmjs.org\grunt-open\.cache.json
44 verbose correctMkdir C:\Users\greed\AppData\Roaming\npm-cache correctMkdir not in flight; initializing
45 silly addNameTag next cb for grunt-open with tag latest
46 silly addNamed grunt-open@0.2.3
47 verbose addNamed "0.2.3" is a plain semver version for grunt-open
48 silly mapToRegistry name grunt-open
49 silly mapToRegistry using default registry
50 silly mapToRegistry registry https://registry.npmjs.org/
51 silly mapToRegistry data Result {
51 silly mapToRegistry   raw: 'grunt-open',
51 silly mapToRegistry   scope: null,
51 silly mapToRegistry   name: 'grunt-open',
51 silly mapToRegistry   rawSpec: '',
51 silly mapToRegistry   spec: 'latest',
51 silly mapToRegistry   type: 'tag' }
52 silly mapToRegistry uri https://registry.npmjs.org/grunt-open
53 verbose addRemoteTarball https://registry.npmjs.org/grunt-open/-/grunt-open-0.2.3.tgz not in flight; adding
54 verbose addRemoteTarball [ 'https://registry.npmjs.org/grunt-open/-/grunt-open-0.2.3.tgz',
54 verbose addRemoteTarball   '145ac45026a57fcfaa433ffd7398ae46d2bd3957' ]
55 info retry fetch attempt 1 at 16:01:59
56 info attempt registry request try #1 at 16:01:59
57 http fetch GET https://registry.npmjs.org/grunt-open/-/grunt-open-0.2.3.tgz
58 http fetch 200 https://registry.npmjs.org/grunt-open/-/grunt-open-0.2.3.tgz
59 silly fetchAndShaCheck shasum 145ac45026a57fcfaa433ffd7398ae46d2bd3957
60 verbose addTmpTarball C:\Users\greed\AppData\Local\Temp\npm-9288-4be43372\registry.npmjs.org\grunt-open\-\grunt-open-0.2.3.tgz not in flight; adding
61 verbose addTmpTarball already have metadata; skipping unpack for grunt-open@0.2.3
62 verbose correctMkdir C:\Users\greed\AppData\Roaming\npm-cache correctMkdir not in flight; initializing
63 silly cache afterAdd grunt-open@0.2.3
64 verbose afterAdd C:\Users\greed\AppData\Roaming\npm-cache\grunt-open\0.2.3\package\package.json not in flight; writing
65 verbose correctMkdir C:\Users\greed\AppData\Roaming\npm-cache correctMkdir not in flight; initializing
66 verbose afterAdd C:\Users\greed\AppData\Roaming\npm-cache\grunt-open\0.2.3\package\package.json written
67 silly install resolved [ { name: 'grunt-open',
67 silly install resolved     description: 'Open urls and files from a grunt task',
67 silly install resolved     version: '0.2.3',
67 silly install resolved     homepage: 'https://github.com/onehealth/grunt-open',
67 silly install resolved     author:
67 silly install resolved      { name: 'Jarrod Overson',
67 silly install resolved        email: 'jsoverson@gmail.com',
67 silly install resolved        url: 'http://jarrodoverson.com/' },
67 silly install resolved     repository:
67 silly install resolved      { type: 'git',
67 silly install resolved        url: 'git://github.com/onehealth/grunt-open.git' },
67 silly install resolved     bugs: { url: 'https://github.com/onehealth/grunt-open/issues' },
67 silly install resolved     licenses: [ [Object] ],
67 silly install resolved     main: 'Gruntfile.js',
67 silly install resolved     bin: { 'grunt-open': 'bin/grunt-open' },
67 silly install resolved     engines: { node: '>= 0.6.0' },
67 silly install resolved     scripts: { test: 'grunt test' },
67 silly install resolved     dependencies: { open: '~0.0.4' },
67 silly install resolved     devDependencies: { grunt: '~0.4.0', 'grunt-contrib-jshint': '~0.6.4' },
67 silly install resolved     keywords: [ 'gruntplugin', 'open', 'url', 'file' ],
67 silly install resolved     _id: 'grunt-open@0.2.3',
67 silly install resolved     dist:
67 silly install resolved      { shasum: '145ac45026a57fcfaa433ffd7398ae46d2bd3957',
67 silly install resolved        tarball: 'https://registry.npmjs.org/grunt-open/-/grunt-open-0.2.3.tgz' },
67 silly install resolved     _from: 'grunt-open@latest',
67 silly install resolved     _npmVersion: '1.3.21',
67 silly install resolved     _npmUser: { name: 'jsoverson', email: 'jsoverson@gmail.com' },
67 silly install resolved     maintainers: [ [Object] ],
67 silly install resolved     directories: {},
67 silly install resolved     _shasum: '145ac45026a57fcfaa433ffd7398ae46d2bd3957',
67 silly install resolved     _resolved: 'https://registry.npmjs.org/grunt-open/-/grunt-open-0.2.3.tgz' } ]
68 info install grunt-open@0.2.3 into E:\github\web-application\gruntDemo
69 info installOne grunt-open@0.2.3
70 verbose installOne of grunt-open to E:\github\web-application\gruntDemo not in flight; installing
71 verbose correctMkdir C:\Users\greed\AppData\Roaming\npm-cache\_locks correctMkdir not in flight; initializing
72 verbose lock using C:\Users\greed\AppData\Roaming\npm-cache\_locks\grunt-open-fdf8cd64f5b915f1.lock for E:\github\web-application\gruntDemo\node_modules\grunt-open
73 silly install write writing grunt-open 0.2.3 to E:\github\web-application\gruntDemo\node_modules\grunt-open
74 verbose unbuild node_modules\grunt-open
75 silly gentlyRm E:\github\web-application\gruntDemo\node_modules\grunt-open is being purged from base E:\github\web-application\gruntDemo
76 verbose gentlyRm don't care about contents; nuking E:\github\web-application\gruntDemo\node_modules\grunt-open
77 verbose tar unpack C:\Users\greed\AppData\Roaming\npm-cache\grunt-open\0.2.3\package.tgz
78 verbose tar unpacking to E:\github\web-application\gruntDemo\node_modules\grunt-open
79 silly gentlyRm E:\github\web-application\gruntDemo\node_modules\grunt-open is being purged
80 verbose gentlyRm don't care about contents; nuking E:\github\web-application\gruntDemo\node_modules\grunt-open
81 silly gunzTarPerm modes [ '777', '666' ]
82 silly gunzTarPerm extractEntry package.json
83 silly gunzTarPerm modified mode [ 'package.json', 420, 438 ]
84 silly gunzTarPerm extractEntry .npmignore
85 silly gunzTarPerm modified mode [ '.npmignore', 420, 438 ]
86 silly gunzTarPerm extractEntry README.md
87 silly gunzTarPerm modified mode [ 'README.md', 420, 438 ]
88 silly gunzTarPerm extractEntry LICENSE
89 silly gunzTarPerm modified mode [ 'LICENSE', 420, 438 ]
90 silly gunzTarPerm extractEntry Gruntfile.js
91 silly gunzTarPerm modified mode [ 'Gruntfile.js', 420, 438 ]
92 silly gunzTarPerm extractEntry .idea/.name
93 silly gunzTarPerm modified mode [ '.idea/.name', 420, 438 ]
94 silly gunzTarPerm extractEntry .idea/encodings.xml
95 silly gunzTarPerm modified mode [ '.idea/encodings.xml', 420, 438 ]
96 silly gunzTarPerm extractEntry .idea/grunt-open.iml
97 silly gunzTarPerm modified mode [ '.idea/grunt-open.iml', 420, 438 ]
98 silly gunzTarPerm extractEntry .idea/misc.xml
99 silly gunzTarPerm modified mode [ '.idea/misc.xml', 420, 438 ]
100 silly gunzTarPerm extractEntry .idea/modules.xml
101 silly gunzTarPerm modified mode [ '.idea/modules.xml', 420, 438 ]
102 silly gunzTarPerm extractEntry .idea/scopes/scope_settings.xml
103 silly gunzTarPerm modified mode [ '.idea/scopes/scope_settings.xml', 420, 438 ]
104 silly gunzTarPerm extractEntry .idea/vcs.xml
105 silly gunzTarPerm modified mode [ '.idea/vcs.xml', 420, 438 ]
106 silly gunzTarPerm extractEntry .idea/workspace.xml
107 silly gunzTarPerm modified mode [ '.idea/workspace.xml', 420, 438 ]
108 silly gunzTarPerm extractEntry .jshintrc
109 silly gunzTarPerm modified mode [ '.jshintrc', 420, 438 ]
110 silly gunzTarPerm extractEntry bin/grunt-open
111 silly gunzTarPerm modified mode [ 'bin/grunt-open', 420, 438 ]
112 silly gunzTarPerm extractEntry tasks/open.js
113 silly gunzTarPerm modified mode [ 'tasks/open.js', 420, 438 ]
114 verbose write writing to E:\github\web-application\gruntDemo\node_modules\grunt-open\package.json
115 info preinstall grunt-open@0.2.3
116 verbose readDependencies loading dependencies from E:\github\web-application\gruntDemo\node_modules\grunt-open\package.json
117 silly prepareForInstallMany adding open@~0.0.4 from grunt-open dependencies
118 verbose readDependencies loading dependencies from E:\github\web-application\gruntDemo\node_modules\grunt-open\package.json
119 silly cache add args [ 'open@~0.0.4', null ]
120 verbose cache add spec open@~0.0.4
121 silly cache add parsed spec Result {
121 silly cache add   raw: 'open@~0.0.4',
121 silly cache add   scope: null,
121 silly cache add   name: 'open',
121 silly cache add   rawSpec: '~0.0.4',
121 silly cache add   spec: '>=0.0.4 <0.1.0',
121 silly cache add   type: 'range' }
122 silly addNamed open@>=0.0.4 <0.1.0
123 verbose addNamed ">=0.0.4 <0.1.0" is a valid semver range for open
124 silly addNameRange { name: 'open', range: '>=0.0.4 <0.1.0', hasData: false }
125 silly mapToRegistry name open
126 silly mapToRegistry using default registry
127 silly mapToRegistry registry https://registry.npmjs.org/
128 silly mapToRegistry data Result {
128 silly mapToRegistry   raw: 'open',
128 silly mapToRegistry   scope: null,
128 silly mapToRegistry   name: 'open',
128 silly mapToRegistry   rawSpec: '',
128 silly mapToRegistry   spec: 'latest',
128 silly mapToRegistry   type: 'tag' }
129 silly mapToRegistry uri https://registry.npmjs.org/open
130 verbose addNameRange registry:https://registry.npmjs.org/open not in flight; fetching
131 verbose request uri https://registry.npmjs.org/open
132 verbose request no auth needed
133 info attempt registry request try #1 at 16:02:00
134 http request GET https://registry.npmjs.org/open
135 http 200 https://registry.npmjs.org/open
136 verbose headers { server: 'nginx/1.10.1',
136 verbose headers   'content-type': 'application/json',
136 verbose headers   'last-modified': 'Fri, 25 Nov 2016 18:35:57 GMT',
136 verbose headers   etag: 'W/"5838848d-1d31"',
136 verbose headers   'content-encoding': 'gzip',
136 verbose headers   'cache-control': 'max-age=300',
136 verbose headers   'content-length': '1988',
136 verbose headers   'accept-ranges': 'bytes',
136 verbose headers   date: 'Wed, 07 Dec 2016 07:59:57 GMT',
136 verbose headers   via: '1.1 varnish',
136 verbose headers   age: '286',
136 verbose headers   connection: 'keep-alive',
136 verbose headers   'x-served-by': 'cache-lcy1128-LCY',
136 verbose headers   'x-cache': 'HIT',
136 verbose headers   'x-cache-hits': '3',
136 verbose headers   'x-timer': 'S1481097597.730474,VS0,VE0',
136 verbose headers   vary: 'Accept-Encoding' }
137 silly get cb [ 200,
137 silly get   { server: 'nginx/1.10.1',
137 silly get     'content-type': 'application/json',
137 silly get     'last-modified': 'Fri, 25 Nov 2016 18:35:57 GMT',
137 silly get     etag: 'W/"5838848d-1d31"',
137 silly get     'content-encoding': 'gzip',
137 silly get     'cache-control': 'max-age=300',
137 silly get     'content-length': '1988',
137 silly get     'accept-ranges': 'bytes',
137 silly get     date: 'Wed, 07 Dec 2016 07:59:57 GMT',
137 silly get     via: '1.1 varnish',
137 silly get     age: '286',
137 silly get     connection: 'keep-alive',
137 silly get     'x-served-by': 'cache-lcy1128-LCY',
137 silly get     'x-cache': 'HIT',
137 silly get     'x-cache-hits': '3',
137 silly get     'x-timer': 'S1481097597.730474,VS0,VE0',
137 silly get     vary: 'Accept-Encoding' } ]
138 verbose get saving open to C:\Users\greed\AppData\Roaming\npm-cache\registry.npmjs.org\open\.cache.json
139 verbose correctMkdir C:\Users\greed\AppData\Roaming\npm-cache correctMkdir not in flight; initializing
140 silly addNameRange number 2 { name: 'open', range: '>=0.0.4 <0.1.0', hasData: true }
141 silly addNameRange versions [ 'open', [ '0.0.0', '0.0.2', '0.0.3', '0.0.4', '0.0.5' ] ]
142 silly addNamed open@0.0.5
143 verbose addNamed "0.0.5" is a plain semver version for open
144 silly cache afterAdd open@0.0.5
145 verbose afterAdd C:\Users\greed\AppData\Roaming\npm-cache\open\0.0.5\package\package.json not in flight; writing
146 verbose correctMkdir C:\Users\greed\AppData\Roaming\npm-cache correctMkdir not in flight; initializing
147 verbose afterAdd C:\Users\greed\AppData\Roaming\npm-cache\open\0.0.5\package\package.json written
148 silly install resolved [ { name: 'open',
148 silly install resolved     version: '0.0.5',
148 silly install resolved     description: 'open a file or url in the user\'s preferred application',
148 silly install resolved     keywords: [ 'start', 'open', 'browser', 'editor', 'default' ],
148 silly install resolved     homepage: 'https://github.com/jjrdn/node-open',
148 silly install resolved     author: { name: 'J Jordan', email: 'jjrdn@styosis.com' },
148 silly install resolved     license: 'MIT',
148 silly install resolved     contributors: [ [Object] ],
148 silly install resolved     repository:
148 silly install resolved      { type: 'git',
148 silly install resolved        url: 'git+https://github.com/pwnall/node-open.git' },
148 silly install resolved     bugs: { url: 'https://github.com/pwnall/node-open/issues' },
148 silly install resolved     engines: { node: '>= 0.6.0' },
148 silly install resolved     dependencies: {},
148 silly install resolved     devDependencies: { mocha: '*' },
148 silly install resolved     optionalDependencies: {},
148 silly install resolved     main: 'lib/open.js',
148 silly install resolved     scripts: { test: 'node_modules/mocha/bin/mocha' },
148 silly install resolved     _id: 'open@0.0.5',
148 silly install resolved     dist:
148 silly install resolved      { shasum: '42c3e18ec95466b6bf0dc42f3a2945c3f0cad8fc',
148 silly install resolved        size: 7489,
148 silly install resolved        noattachment: false,
148 silly install resolved        tarball: 'http://registry.npm.taobao.org/open/download/open-0.0.5.tgz' },
148 silly install resolved     _from: 'open@>=0.0.4 <0.1.0',
148 silly install resolved     _npmVersion: '1.4.3',
148 silly install resolved     _npmUser: { name: 'pwnall', email: 'costan@gmail.com' },
148 silly install resolved     maintainers: [ [Object], [Object] ],
148 silly install resolved     directories: {},
148 silly install resolved     publish_time: 1397130379980,
148 silly install resolved     _cnpm_publish_time: 1397130379980,
148 silly install resolved     _shasum: '42c3e18ec95466b6bf0dc42f3a2945c3f0cad8fc',
148 silly install resolved     _resolved: 'https://registry.npm.taobao.org/open/download/open-0.0.5.tgz',
148 silly install resolved     readme: 'ERROR: No README data found!' } ]
149 info install open@0.0.5 into E:\github\web-application\gruntDemo\node_modules\grunt-open
150 info installOne open@0.0.5
151 verbose installOne of open to E:\github\web-application\gruntDemo\node_modules\grunt-open not in flight; installing
152 verbose correctMkdir C:\Users\greed\AppData\Roaming\npm-cache\_locks correctMkdir not in flight; initializing
153 verbose lock using C:\Users\greed\AppData\Roaming\npm-cache\_locks\open-a71ba1d57f398261.lock for E:\github\web-application\gruntDemo\node_modules\grunt-open\node_modules\open
154 silly install write writing open 0.0.5 to E:\github\web-application\gruntDemo\node_modules\grunt-open\node_modules\open
155 verbose unbuild node_modules\grunt-open\node_modules\open
156 silly gentlyRm E:\github\web-application\gruntDemo\node_modules\grunt-open\node_modules\open is being purged from base E:\github\web-application\gruntDemo
157 verbose gentlyRm don't care about contents; nuking E:\github\web-application\gruntDemo\node_modules\grunt-open\node_modules\open
158 verbose tar unpack C:\Users\greed\AppData\Roaming\npm-cache\open\0.0.5\package.tgz
159 verbose tar unpacking to E:\github\web-application\gruntDemo\node_modules\grunt-open\node_modules\open
160 silly gentlyRm E:\github\web-application\gruntDemo\node_modules\grunt-open\node_modules\open is being purged
161 verbose gentlyRm don't care about contents; nuking E:\github\web-application\gruntDemo\node_modules\grunt-open\node_modules\open
162 silly gunzTarPerm modes [ '777', '666' ]
163 silly gunzTarPerm extractEntry package.json
164 silly gunzTarPerm modified mode [ 'package.json', 420, 438 ]
165 silly gunzTarPerm extractEntry .npmignore
166 silly gunzTarPerm modified mode [ '.npmignore', 420, 438 ]
167 silly gunzTarPerm extractEntry README.md
168 silly gunzTarPerm modified mode [ 'README.md', 420, 438 ]
169 silly gunzTarPerm extractEntry LICENSE
170 silly gunzTarPerm modified mode [ 'LICENSE', 420, 438 ]
171 silly gunzTarPerm extractEntry .jshintignore
172 silly gunzTarPerm modified mode [ '.jshintignore', 420, 438 ]
173 silly gunzTarPerm extractEntry .jshintrc
174 silly gunzTarPerm modified mode [ '.jshintrc', 420, 438 ]
175 silly gunzTarPerm extractEntry lib/open.js
176 silly gunzTarPerm modified mode [ 'lib/open.js', 420, 438 ]
177 silly gunzTarPerm extractEntry vendor/xdg-open
178 silly gunzTarPerm modified mode [ 'vendor/xdg-open', 493, 511 ]
179 verbose write writing to E:\github\web-application\gruntDemo\node_modules\grunt-open\node_modules\open\package.json
180 info preinstall open@0.0.5
181 verbose readDependencies loading dependencies from E:\github\web-application\gruntDemo\node_modules\grunt-open\node_modules\open\package.json
182 verbose readDependencies loading dependencies from E:\github\web-application\gruntDemo\node_modules\grunt-open\node_modules\open\package.json
183 silly install resolved []
184 verbose about to build E:\github\web-application\gruntDemo\node_modules\grunt-open\node_modules\open
185 info build E:\github\web-application\gruntDemo\node_modules\grunt-open\node_modules\open
186 info linkStuff open@0.0.5
187 silly linkStuff open@0.0.5 has E:\github\web-application\gruntDemo\node_modules\grunt-open\node_modules as its parent node_modules
188 verbose linkBins open@0.0.5
189 verbose linkMans open@0.0.5
190 verbose rebuildBundles open@0.0.5
191 info install open@0.0.5
192 info postinstall open@0.0.5
193 verbose unlock done using C:\Users\greed\AppData\Roaming\npm-cache\_locks\open-a71ba1d57f398261.lock for E:\github\web-application\gruntDemo\node_modules\grunt-open\node_modules\open
194 verbose about to build E:\github\web-application\gruntDemo\node_modules\grunt-open
195 info build E:\github\web-application\gruntDemo\node_modules\grunt-open
196 info linkStuff grunt-open@0.2.3
197 silly linkStuff grunt-open@0.2.3 has E:\github\web-application\gruntDemo\node_modules as its parent node_modules
198 verbose linkBins grunt-open@0.2.3
199 verbose link bins [ { 'grunt-open': 'bin/grunt-open' },
199 verbose link bins   'E:\\github\\web-application\\gruntDemo\\node_modules\\.bin',
199 verbose link bins   false ]
200 verbose linkMans grunt-open@0.2.3
201 verbose rebuildBundles grunt-open@0.2.3
202 verbose rebuildBundles [ 'open' ]
203 info install grunt-open@0.2.3
204 info postinstall grunt-open@0.2.3
205 verbose unlock done using C:\Users\greed\AppData\Roaming\npm-cache\_locks\grunt-open-fdf8cd64f5b915f1.lock for E:\github\web-application\gruntDemo\node_modules\grunt-open
206 verbose validateInstall loading E:\github\web-application\gruntDemo\package.json for validation
207 verbose stack Error: The package grunt@1.0.1 does not satisfy its siblings' peerDependencies requirements!
207 verbose stack     at D:\Program Files\nodejs\node_modules\npm\lib\install.js:125:32
207 verbose stack     at D:\Program Files\nodejs\node_modules\npm\lib\install.js:268:7
207 verbose stack     at D:\Program Files\nodejs\node_modules\npm\node_modules\read-installed\read-installed.js:142:5
207 verbose stack     at D:\Program Files\nodejs\node_modules\npm\node_modules\read-installed\read-installed.js:263:14
207 verbose stack     at cb (D:\Program Files\nodejs\node_modules\npm\node_modules\slide\lib\async-map.js:47:24)
207 verbose stack     at D:\Program Files\nodejs\node_modules\npm\node_modules\read-installed\read-installed.js:263:14
207 verbose stack     at cb (D:\Program Files\nodejs\node_modules\npm\node_modules\slide\lib\async-map.js:47:24)
207 verbose stack     at D:\Program Files\nodejs\node_modules\npm\node_modules\read-installed\read-installed.js:263:14
207 verbose stack     at cb (D:\Program Files\nodejs\node_modules\npm\node_modules\slide\lib\async-map.js:47:24)
207 verbose stack     at D:\Program Files\nodejs\node_modules\npm\node_modules\read-installed\read-installed.js:263:14
208 verbose cwd E:\github\web-application\gruntDemo
209 error Windows_NT 6.1.7601
210 error argv "D:\\Program Files\\nodejs\\node.exe" "D:\\Program Files\\nodejs\\node_modules\\npm\\bin\\npm-cli.js" "install" "grunt-open" "--save-dev"
211 error node v4.4.7
212 error npm  v2.15.8
213 error code EPEERINVALID
214 error peerinvalid The package grunt@1.0.1 does not satisfy its siblings' peerDependencies requirements!
214 error peerinvalid Peer grunt-contrib-concat@1.0.1 wants grunt@>=0.4.0
214 error peerinvalid Peer grunt-contrib-connect@1.0.2 wants grunt@>=0.4.0
214 error peerinvalid Peer grunt-contrib-clean@1.0.0 wants grunt@>= 0.4.5
214 error peerinvalid Peer grunt-contrib-jshint@0.10.0 wants grunt@~0.4.0
214 error peerinvalid Peer grunt-contrib-uglify@0.5.1 wants grunt@~0.4.0
214 error peerinvalid Peer grunt-contrib-nodeunit@0.4.1 wants grunt@~0.4.0
215 verbose exit [ 1, true ]
